Debug: Starting main function
Debug: Arguments validated
Debug: Map data loaded successfully
Debug: Map checked and formatted successfully
Debug: About to build texture list
Debug: Entering build_texture_list
Debug: Processing texture path 0: EA texture_images/shirs.png
Debug: Creating texture for path: EA texture_images/shirs.png
Debug: Texture created successfully
Debug: Appending new texture to list
Debug: Texture appended successfully
Debug: Processing texture path 1: NO texture_images/mutul.png
Debug: Creating texture for path: NO texture_images/mutul.png
Debug: Texture created successfully
Debug: Appending new texture to list
Debug: Texture appended successfully
Debug: Processing texture path 2: WE texture_images/napol.png
Debug: Creating texture for path: WE texture_images/napol.png
Debug: Texture created successfully
Debug: Appending new texture to list
Debug: Texture appended successfully
Debug: Processing texture path 3: SO texture_images/manet.png
Debug: Creating texture for path: SO texture_images/manet.png
Debug: Texture created successfully
Debug: Appending new texture to list
Debug: Texture appended successfully
Debug: Processing texture path 4: F 220,100,0
Debug: Creating texture for path: F 220,100,0
Debug: Texture created successfully
Debug: Appending new texture to list
Debug: Texture appended successfully
Debug: Processing texture path 5: C 225,30,0
Debug: Creating texture for path: C 225,30,0
Debug: Texture created successfully
Debug: Appending new texture to list
Debug: Texture appended successfully
Debug: Texture list built successfully
Debug: Entering build_texture_list
Debug: Processing texture path 0: EA texture_images/shirs.png
Debug: Creating texture for path: EA texture_images/shirs.png
Debug: Texture created successfully
Debug: Appending new texture to list
Debug: Texture appended successfully
Debug: Processing texture path 1: NO texture_images/mutul.png
Debug: Creating texture for path: NO texture_images/mutul.png
Debug: Texture created successfully
Debug: Appending new texture to list
Debug: Texture appended successfully
Debug: Processing texture path 2: WE texture_images/napol.png
Debug: Creating texture for path: WE texture_images/napol.png
Debug: Texture created successfully
Debug: Appending new texture to list
Debug: Texture appended successfully
Debug: Processing texture path 3: SO texture_images/manet.png
Debug: Creating texture for path: SO texture_images/manet.png
Debug: Texture created successfully
Debug: Appending new texture to list
Debug: Texture appended successfully
Debug: Processing texture path 4: F 220,100,0
Debug: Creating texture for path: F 220,100,0
Debug: Texture created successfully
Debug: Appending new texture to list
Debug: Texture appended successfully
Debug: Processing texture path 5: C 225,30,0
Debug: Creating texture for path: C 225,30,0
Debug: Texture created successfully
Debug: Appending new texture to list
Debug: Texture appended successfully
Debug: Texture list built successfully
Debug: Failed to build texture list. Error code: 1
